ke-apk/app/build/intermediates/manifest_merge_blame_file/release/manifest-merger-blame-release-report.txt
1<?xml version="1.0" encoding="utf-8"?>
2<manifest xmlns:android="http://schemas.android.com/apk/res/android"
3    package="com.cyberboss.ke"
4    android:versionCode="12"
5    android:versionName="1.0" >
6
7    <uses-sdk
8        android:minSdkVersion="24"
9        android:targetSdkVersion="34" />
10
11    <uses-permission android:name="android.permission.INTERNET" />
11-->src\main\AndroidManifest.xml:4:5-67
11-->src\main\AndroidManifest.xml:4:22-64
12    <uses-permission android:name="android.permission.ACCESS_NETWORK_STATE" />
12-->src\main\AndroidManifest.xml:5:5-79
12-->src\main\AndroidManifest.xml:5:22-76
13    <uses-permission android:name="android.permission.POST_NOTIFICATIONS" />
13-->src\main\AndroidManifest.xml:6:5-77
13-->src\main\AndroidManifest.xml:6:22-74
14    <uses-permission android:name="android.permission.FOREGROUND_SERVICE" />
14-->src\main\AndroidManifest.xml:7:5-77
14-->src\main\AndroidManifest.xml:7:22-74
15    <uses-permission android:name="android.permission.FOREGROUND_SERVICE_DATA_SYNC" />
15-->src\main\AndroidManifest.xml:8:5-87
15-->src\main\AndroidManifest.xml:8:22-84
16
17    <application
17-->src\main\AndroidManifest.xml:10:5-33:19
18        android:allowBackup="true"
18-->src\main\AndroidManifest.xml:11:9-35
19        android:appComponentFactory="androidx.core.app.CoreComponentFactory"
19-->[androidx.core:core:1.1.0] AndroidManifest.xml:24:18-86
20        android:extractNativeLibs="false"
21        android:icon="@mipmap/icon"
21-->src\main\AndroidManifest.xml:13:9-36
22        android:label="克"
22-->src\main\AndroidManifest.xml:12:9-26
23        android:networkSecurityConfig="@xml/network_security_config"
23-->src\main\AndroidManifest.xml:17:9-69
24        android:supportsRtl="true"
24-->src\main\AndroidManifest.xml:14:9-35
25        android:theme="@android:style/Theme.NoTitleBar.Fullscreen"
25-->src\main\AndroidManifest.xml:15:9-67
26        android:usesCleartextTraffic="true" >
26-->src\main\AndroidManifest.xml:16:9-44
27        <activity
27-->src\main\AndroidManifest.xml:19:9-27:20
28            android:name="com.cyberboss.ke.MainActivity"
28-->src\main\AndroidManifest.xml:20:13-41
29            android:configChanges="orientation|screenSize|keyboardHidden"
29-->src\main\AndroidManifest.xml:22:13-74
30            android:exported="true" >
30-->src\main\AndroidManifest.xml:21:13-36
31            <intent-filter>
31-->src\main\AndroidManifest.xml:23:13-26:29
32                <action android:name="android.intent.action.MAIN" />
32-->src\main\AndroidManifest.xml:24:17-69
32-->src\main\AndroidManifest.xml:24:25-66
33
34                <category android:name="android.intent.category.LAUNCHER" />
34-->src\main\AndroidManifest.xml:25:17-77
34-->src\main\AndroidManifest.xml:25:27-74
35            </intent-filter>
36        </activity>
37
38        <service
38-->src\main\AndroidManifest.xml:29:9-32:56
39            android:name="com.cyberboss.ke.KeNotificationService"
39-->src\main\AndroidManifest.xml:30:13-50
40            android:exported="false"
40-->src\main\AndroidManifest.xml:31:13-37
41            android:foregroundServiceType="dataSync" />
41-->src\main\AndroidManifest.xml:32:13-53
42    </application>
43
44</manifest>